<?xml version="1.0" encoding="UTF-8"?>
<testsuite xmlns:xsi="http://www.w3.org/2001/XMLSchema-instance" xsi:noNamespaceSchemaLocation="https://maven.apache.org/surefire/maven-surefire-plugin/xsd/surefire-test-report-3.0.xsd" version="3.0" name="com.example.restservice.RestserviceApplicationTests" time="15.076" tests="1" errors="0" skipped="0" failures="0">
  <properties>
[...]
</properties>
  <testcase name="contextLoads" classname="com.example.restservice.RestserviceApplicationTests" time="3.972">
    <system-out><![CDATA[13:13:32.986 [main] INFO org.springframework.test.context.support.AnnotationConfigContextLoaderUtils -- Could not detect default configuration classes for test class [com.example.restservice.RestserviceApplicationTests]: RestserviceApplicationTests does not declare any static, non-private, non-final, nested classes annotated with @Configuration.
13:13:33.656 [main] INFO org.springframework.boot.test.context.SpringBootTestContextBootstrapper -- Found @SpringBootConfiguration com.example.restservice.RestserviceApplication for test class com.example.restservice.RestserviceApplicationTests

  .   ____          _            __ _ _
 /\\ / ___'_ __ _ _(_)_ __  __ _ \ \ \ \
( ( )\___ | '_ | '_| | '_ \/ _` | \ \ \ \
 \\/  ___)| |_)| | | | | || (_| |  ) ) ) )
  '  |____| .__|_| |_|_| |_\__, | / / / /
 =========|_|==============|___/=/_/_/_/
 :: Spring Boot ::                (v3.1.0)

2023-06-28T13:13:37.186-05:00  INFO 1976 --- [           main] c.e.r.RestserviceApplicationTests        : Starting RestserviceApplicationTests using Java 17.0.7 with PID 1976 (started by JeTro in i:\IDAT 5\1.Desarrollo de Servicios Web 1\Semana 5\Clase\Clase 19-06-23\render-rest-saludo)
2023-06-28T13:13:37.191-05:00  INFO 1976 --- [           main] c.e.r.RestserviceApplicationTests        : No active profile set, falling back to 1 default profile: "default"
2023-06-28T13:13:43.351-05:00  INFO 1976 --- [           main] c.e.r.RestserviceApplicationTests        : Started RestserviceApplicationTests in 8.684 seconds (process running for 13.328)
]]></system-out>
  </testcase>
</testsuite>